<?xml version="1.0" encoding="UTF-8"?>
<!-- Generated by org.testng.reporters.JUnitXMLReporter -->
<testsuite ignored="0" hostname="Dayanands-MacBook-Air.local" failures="0" tests="1" name="Surefire test" time="0.115" errors="0" timestamp="2025-04-10T17:40:14 IST">
  <testcase classname="testBase.BaseClass" name="@BeforeClass setUp" time="-1.744287014534E9">
    <failure type="org.testng.TestNGException" message="
Parameter &amp;apos;browser&amp;apos; is required by BeforeClass on method setUp but has not been marked @Optional or defined
">
      <![CDATA[org.testng.TestNGException: 
Parameter 'browser' is required by BeforeClass on method setUp but has not been marked @Optional or defined

at java.base/java.util.ArrayList.forEach(ArrayList.java:1541)
... Removed 27 stack frames]]>
    </failure>
  </testcase> <!-- @BeforeClass setUp -->
  <testcase classname="testBase.BaseClass" name="@AfterClass tearDown" time="0.0">
    <skipped/>
  </testcase> <!-- @AfterClass tearDown -->
  <testcase classname="testCases.TC001_OpenKartFirstTestCase" name="testOpenKart" time="0.0">
    <skipped/>
  </testcase> <!-- testOpenKart -->
</testsuite> <!-- Surefire test -->
